#
# There is insufficient memory for the Java Runtime Environment to continue.
# Native memory allocation (mmap) failed to map 84934656 bytes for committing reserved memory.
# Possible reasons:
#   The system is out of physical RAM or swap space
#   In 32 bit mode, the process size limit was hit
# Possible solutions:
#   Reduce memory load on the system
#   Increase physical memory or swap space
#   Check if swap backing store is full
#   Use 64 bit Java on a 64 bit OS
#   Decrease Java heap size (-Xmx/-Xms)
#   Decrease number of Java threads
#   Decrease Java thread stack sizes (-Xss)
#   Set larger code cache with -XX:ReservedCodeCacheSize=
# This output file may be truncated or incomplete.
#
#  Out of Memory Error (os_linux.cpp:2627), pid=9888, tid=140540588840704
#
# JRE version: Java(TM) SE Runtime Environment (8.0_91-b14) (build 1.8.0_91-b14)
# Java VM: Java HotSpot(TM) 64-Bit Server VM (25.91-b14 mixed mode linux-amd64 compressed oops)
# Failed to write core dump. Core dumps have been disabled. To enable core dumping, try "ulimit -c unlimited" before starting Java again
#

---------------  T H R E A D  ---------------

Current thread (0x00007fd23c073800):  VMThread [stack: 0x00007fd227cfd000,0x00007fd227dfe000] [id=9895]

Stack: [0x00007fd227cfd000,0x00007fd227dfe000],  sp=0x00007fd227dfc1e0,  free space=1020k
Native frames: (J=compiled Java code, j=interpreted, Vv=VM code, C=native code)
V  [libjvm.so+0xabc18a]  VMError::report_and_die()+0x2ba
V  [libjvm.so+0x4fafeb]  report_vm_out_of_memory(char const*, int, unsigned long, VMErrorType, char const*)+0x8b
V  [libjvm.so+0x91cbb3]  os::Linux::commit_memory_impl(char*, unsigned long, bool)+0x103
V  [libjvm.so+0x91d109]  os::pd_commit_memory(char*, unsigned long, unsigned long, bool)+0x29
V  [libjvm.so+0x91740a]  os::commit_memory(char*, unsigned long, unsigned long, bool)+0x2a
V  [libjvm.so+0x98b033]  PSVirtualSpace::expand_by(unsigned long)+0x53
V  [libjvm.so+0x98c438]  PSYoungGen::resize_generation(unsigned long, unsigned long)+0xf8
V  [libjvm.so+0x98b592]  PSYoungGen::resize(unsigned long, unsigned long)+0x22
V  [libjvm.so+0x98886b]  PSScavenge::invoke_no_policy()+0xf3b
V  [libjvm.so+0x988ff1]  PSScavenge::invoke()+0x41
V  [libjvm.so+0x9408b0]  ParallelScavengeHeap::failed_mem_allocate(unsigned long)+0x70
V  [libjvm.so+0xabdba7]  VM_ParallelGCFailedAllocation::doit()+0x97
V  [libjvm.so+0xac55d5]  VM_Operation::evaluate()+0x55
V  [libjvm.so+0xac39aa]  VMThread::evaluate_operation(VM_Operation*)+0xba
V  [libjvm.so+0xac3d2e]  VMThread::loop()+0x1ce
V  [libjvm.so+0xac41a0]  VMThread::run()+0x70
V  [libjvm.so+0x91ef78]  java_start(Thread*)+0x108

VM_Operation (0x00007fd227126cb0): ParallelGCFailedAllocation, mode: safepoint, requested by thread 0x00007fd23c145800


---------------  P R O C E S S  ---------------

Java Threads: ( => current thread )
  0x00007fd23c149000 JavaThread "pool-2-thread-4" [_thread_blocked, id=9908, stack(0x00007fd226e26000,0x00007fd226f27000)]
  0x00007fd23c147800 JavaThread "pool-2-thread-3" [_thread_blocked, id=9907, stack(0x00007fd226f27000,0x00007fd227028000)]
  0x00007fd23c145800 JavaThread "pool-2-thread-2" [_thread_blocked, id=9906, stack(0x00007fd227028000,0x00007fd227129000)]
  0x00007fd23c144800 JavaThread "pool-3-thread-1" [_thread_blocked, id=9905, stack(0x00007fd227129000,0x00007fd22722a000)]
  0x00007fd23c142800 JavaThread "pool-2-thread-1" [_thread_blocked, id=9904, stack(0x00007fd22722a000,0x00007fd22732b000)]
  0x00007fd23c0c5800 JavaThread "Service Thread" daemon [_thread_blocked, id=9901, stack(0x00007fd22742c000,0x00007fd22752d000)]
  0x00007fd23c0b8800 JavaThread "C1 CompilerThread1" daemon [_thread_blocked, id=9900, stack(0x00007fd22752d000,0x00007fd22762e000)]
  0x00007fd23c0b5800 JavaThread "C2 CompilerThread0" daemon [_thread_blocked, id=9899, stack(0x00007fd22762e000,0x00007fd22772f000)]
  0x00007fd23c0b4000 JavaThread "Signal Dispatcher" daemon [_thread_blocked, id=9898, stack(0x00007fd22772f000,0x00007fd227830000)]
  0x00007fd23c080000 JavaThread "Finalizer" daemon [_thread_blocked, id=9897, stack(0x00007fd227afb000,0x00007fd227bfc000)]
  0x00007fd23c07b800 JavaThread "Reference Handler" daemon [_thread_blocked, id=9896, stack(0x00007fd227bfc000,0x00007fd227cfd000)]
  0x00007fd23c00a000 JavaThread "main" [_thread_blocked, id=9892, stack(0x00007fd245bff000,0x00007fd245d00000)]

Other Threads:
=>0x00007fd23c073800 VMThread [stack: 0x00007fd227cfd000,0x00007fd227dfe000] [id=9895]
  0x00007fd23c0c8800 WatcherThread [stack: 0x00007fd22732b000,0x00007fd22742c000] [id=9902]

VM state:at safepoint (normal execution)

VM Mutex/Monitor currently owned by a thread:  ([mutex/lock_event])
[0x00007fd23c006550] Threads_lock - owner thread: 0x00007fd23c073800
[0x00007fd23c006a50] Heap_lock - owner thread: 0x00007fd23c145800

Heap:
 PSYoungGen      total 140800K, used 20476K [0x00000000eab00000, 0x00000000f4e00000, 0x0000000100000000)
  eden space 120320K, 0% used [0x00000000eab00000,0x00000000eab00000,0x00000000f2080000)
  from space 20480K, 99% used [0x00000000f2080000,0x00000000f347f1b8,0x00000000f3480000)
  to   space 14848K, 0% used [0x00000000f3480000,0x00000000f3480000,0x00000000f4300000)
 ParOldGen       total 42496K, used 36206K [0x00000000c0000000, 0x00000000c2980000, 0x00000000eab00000)
  object space 42496K, 85% used [0x00000000c0000000,0x00000000c235bbe0,0x00000000c2980000)
 Metaspace       used 6358K, capacity 7192K, committed 7424K, reserved 1056768K
  class space    used 614K, capacity 656K, committed 768K, reserved 1048576K

Card table byte_map: [0x00007fd2427c2000,0x00007fd2429c3000] byte_map_base: 0x00007fd2421c2000

Marking Bits: (ParMarkBitMap*) 0x00007fd2450d9d60
 Begin Bits: [0x00007fd24046a000, 0x00007fd24146a000)
 End Bits:   [0x00007fd24146a000, 0x00007fd24246a000)

Polling page: 0x00007fd245d22000

CodeCache: size=245760Kb used=6835Kb max_used=6839Kb free=238924Kb
 bounds [0x00007fd22d000000, 0x00007fd22d6c0000, 0x00007fd23c000000]
 total_blobs=2119 nmethods=1852 adapters=182
 compilation: enabled

Compilation events (10 events):
Event: 10.528 Thread 0x00007fd23c0b8800 nmethod 2259 0x00007fd22d6aca90 code [0x00007fd22d6acbe0, 0x00007fd22d6accf0]
Event: 10.528 Thread 0x00007fd23c0b8800 2260       1       sun.util.calendar.CalendarDate::getMillis (5 bytes)
Event: 10.528 Thread 0x00007fd23c0b8800 nmethod 2260 0x00007fd22d6acd50 code [0x00007fd22d6acea0, 0x00007fd22d6acfb0]
Event: 10.528 Thread 0x00007fd23c0b8800 2261       2       sun.util.calendar.ZoneInfo::getOffsets (276 bytes)
Event: 10.594 Thread 0x00007fd23c0b8800 nmethod 2261 0x00007fd22d6b03d0 code [0x00007fd22d6b05c0, 0x00007fd22d6b0d28]
Event: 10.594 Thread 0x00007fd23c0b8800 2276 % !   3       com.android.dx.cf.code.Ropper::doit @ 21 (126 bytes)
Event: 10.600 Thread 0x00007fd23c0b5800 nmethod 2218 0x00007fd22d6b1450 code [0x00007fd22d6b1600, 0x00007fd22d6b1d78]
Event: 10.600 Thread 0x00007fd23c0b5800 1984       4       com.android.dx.ssa.SsaMethod::bitSetFromLabelList (47 bytes)
Event: 10.614 Thread 0x00007fd23c0b8800 nmethod 2276% 0x00007fd22d6ade10 code [0x00007fd22d6ae120, 0x00007fd22d6af638]
Event: 10.615 Thread 0x00007fd23c0b8800 2278   !   2       com.android.dx.cf.direct.MemberListParser::parse (641 bytes)

GC Heap History (10 events):
Event: 3.570 GC heap after
Heap after GC invocations=4 (full 0):
 PSYoungGen      total 34304K, used 2546K [0x00000000eab00000, 0x00000000ecf00000, 0x0000000100000000)
  eden space 31744K, 0% used [0x00000000eab00000,0x00000000eab00000,0x00000000eca00000)
  from space 2560K, 99% used [0x00000000ecc80000,0x00000000ecefc8c8,0x00000000ecf00000)
  to   space 2560K, 0% used [0x00000000eca00000,0x00000000eca00000,0x00000000ecc80000)
 ParOldGen       total 42496K, used 7851K [0x00000000c0000000, 0x00000000c2980000, 0x00000000eab00000)
  object space 42496K, 18% used [0x00000000c0000000,0x00000000c07aadd8,0x00000000c2980000)
 Metaspace       used 5795K, capacity 6768K, committed 7040K, reserved 1056768K
  class space    used 593K, capacity 616K, committed 640K, reserved 1048576K
}
Event: 4.070 GC heap before
{Heap before GC invocations=5 (full 0):
 PSYoungGen      total 34304K, used 34290K [0x00000000eab00000, 0x00000000ecf00000, 0x0000000100000000)
  eden space 31744K, 100% used [0x00000000eab00000,0x00000000eca00000,0x00000000eca00000)
  from space 2560K, 99% used [0x00000000ecc80000,0x00000000ecefc8c8,0x00000000ecf00000)
  to   space 2560K, 0% used [0x00000000eca00000,0x00000000eca00000,0x00000000ecc80000)
 ParOldGen       total 42496K, used 7851K [0x00000000c0000000, 0x00000000c2980000, 0x00000000eab00000)
  object space 42496K, 18% used [0x00000000c0000000,0x00000000c07aadd8,0x00000000c2980000)
 Metaspace       used 5833K, capacity 6768K, committed 7040K, reserved 1056768K
  class space    used 594K, capacity 616K, committed 640K, reserved 1048576K
Event: 4.150 GC heap after
Heap after GC invocations=5 (full 0):
 PSYoungGen      total 34304K, used 2552K [0x00000000eab00000, 0x00000000efc00000, 0x0000000100000000)
  eden space 31744K, 0% used [0x00000000eab00000,0x00000000eab00000,0x00000000eca00000)
  from space 2560K, 99% used [0x00000000eca00000,0x00000000ecc7e2a8,0x00000000ecc80000)
  to   space 9728K, 0% used [0x00000000ef280000,0x00000000ef280000,0x00000000efc00000)
 ParOldGen       total 42496K, used 12716K [0x00000000c0000000, 0x00000000c2980000, 0x00000000eab00000)
  object space 42496K, 29% used [0x00000000c0000000,0x00000000c0c6b238,0x00000000c2980000)
 Metaspace       used 5833K, capacity 6768K, committed 7040K, reserved 1056768K
  class space    used 594K, capacity 616K, committed 640K, reserved 1048576K
}
Event: 4.767 GC heap before
{Heap before GC invocations=6 (full 0):
 PSYoungGen      total 34304K, used 34296K [0x00000000eab00000, 0x00000000efc00000, 0x0000000100000000)
  eden space 31744K, 100% used [0x00000000eab00000,0x00000000eca00000,0x00000000eca00000)
  from space 2560K, 99% used [0x00000000eca00000,0x00000000ecc7e2a8,0x00000000ecc80000)
  to   space 9728K, 0% used [0x00000000ef280000,0x00000000ef280000,0x00000000efc00000)
 ParOldGen       total 42496K, used 12716K [0x00000000c0000000, 0x00000000c2980000, 0x00000000eab00000)
  object space 42496K, 29% used [0x00000000c0000000,0x00000000c0c6b238,0x00000000c2980000)
 Metaspace       used 5888K, capacity 6832K, committed 7040K, reserved 1056768K
  class space    used 594K, capacity 616K, committed 640K, reserved 1048576K
Event: 4.884 GC heap after
Heap after GC invocations=6 (full 0):
 PSYoungGen      total 72704K, used 7432K [0x00000000eab00000, 0x00000000efd00000, 0x0000000100000000)
  eden space 62976K, 0% used [0x00000000eab00000,0x00000000eab00000,0x00000000ee880000)
  from space 9728K, 76% used [0x00000000ef280000,0x00000000ef9c22a8,0x00000000efc00000)
  to   space 10240K, 0% used [0x00000000ee880000,0x00000000ee880000,0x00000000ef280000)
 ParOldGen       total 42496K, used 12716K [0x00000000c0000000, 0x00000000c2980000, 0x00000000eab00000)
  object space 42496K, 29% used [0x00000000c0000000,0x00000000c0c6b238,0x00000000c2980000)
 Metaspace       used 5888K, capacity 6832K, committed 7040K, reserved 1056768K
  class space    used 594K, capacity 616K, committed 640K, reserved 1048576K
}
Event: 6.371 GC heap before
{Heap before GC invocations=7 (full 0):
 PSYoungGen      total 72704K, used 70408K [0x00000000eab00000, 0x00000000efd00000, 0x0000000100000000)
  eden space 62976K, 100% used [0x00000000eab00000,0x00000000ee880000,0x00000000ee880000)
  from space 9728K, 76% used [0x00000000ef280000,0x00000000ef9c22a8,0x00000000efc00000)
  to   space 10240K, 0% used [0x00000000ee880000,0x00000000ee880000,0x00000000ef280000)
 ParOldGen       total 42496K, used 12716K [0x00000000c0000000, 0x00000000c2980000, 0x00000000eab00000)
  object space 42496K, 29% used [0x00000000c0000000,0x00000000c0c6b238,0x00000000c2980000)
 Metaspace       used 5993K, capacity 6960K, committed 7040K, reserved 1056768K
  class space    used 594K, capacity 616K, committed 640K, reserved 1048576K
Event: 6.696 GC heap after
Heap after GC invocations=7 (full 0):
 PSYoungGen      total 73216K, used 10238K [0x00000000eab00000, 0x00000000f4300000, 0x0000000100000000)
  eden space 62976K, 0% used [0x00000000eab00000,0x00000000eab00000,0x00000000ee880000)
  from space 10240K, 99% used [0x00000000ee880000,0x00000000ef27fb08,0x00000000ef280000)
  to   space 14848K, 0% used [0x00000000f3480000,0x00000000f3480000,0x00000000f4300000)
 ParOldGen       total 42496K, used 18338K [0x00000000c0000000, 0x00000000c2980000, 0x00000000eab00000)
  object space 42496K, 43% used [0x00000000c0000000,0x00000000c11e88d0,0x00000000c2980000)
 Metaspace       used 5993K, capacity 6960K, committed 7040K, reserved 1056768K
  class space    used 594K, capacity 616K, committed 640K, reserved 1048576K
}
Event: 7.957 GC heap before
{Heap before GC invocations=8 (full 0):
 PSYoungGen      total 73216K, used 73214K [0x00000000eab00000, 0x00000000f4300000, 0x0000000100000000)
  eden space 62976K, 100% used [0x00000000eab00000,0x00000000ee880000,0x00000000ee880000)
  from space 10240K, 99% used [0x00000000ee880000,0x00000000ef27fb08,0x00000000ef280000)
  to   space 14848K, 0% used [0x00000000f3480000,0x00000000f3480000,0x00000000f4300000)
 ParOldGen       total 42496K, used 18338K [0x00000000c0000000, 0x00000000c2980000, 0x00000000eab00000)
  object space 42496K, 43% used [0x00000000c0000000,0x00000000c11e88d0,0x00000000c2980000)
 Metaspace       used 6033K, capacity 6960K, committed 7040K, reserved 1056768K
  class space    used 594K, capacity 616K, committed 640K, reserved 1048576K
Event: 8.350 GC heap after
Heap after GC invocations=8 (full 0):
 PSYoungGen      total 135168K, used 14833K [0x00000000eab00000, 0x00000000f4e00000, 0x0000000100000000)
  eden space 120320K, 0% used [0x00000000eab00000,0x00000000eab00000,0x00000000f2080000)
  from space 14848K, 99% used [0x00000000f3480000,0x00000000f42fc6c8,0x00000000f4300000)
  to   space 20480K, 0% used [0x00000000f2080000,0x00000000f2080000,0x00000000f3480000)
 ParOldGen       total 42496K, used 24351K [0x00000000c0000000, 0x00000000c2980000, 0x00000000eab00000)
  object space 42496K, 57% used [0x00000000c0000000,0x00000000c17c7d00,0x00000000c2980000)
 Metaspace       used 6033K, capacity 6960K, committed 7040K, reserved 1056768K
  class space    used 594K, capacity 616K, committed 640K, reserved 1048576K
}
Event: 10.647 GC heap before
{Heap before GC invocations=9 (full 0):
 PSYoungGen      total 135168K, used 135153K [0x00000000eab00000, 0x00000000f4e00000, 0x0000000100000000)
  eden space 120320K, 100% used [0x00000000eab00000,0x00000000f2080000,0x00000000f2080000)
  from space 14848K, 99% used [0x00000000f3480000,0x00000000f42fc6c8,0x00000000f4300000)
  to   space 20480K, 0% used [0x00000000f2080000,0x00000000f2080000,0x00000000f3480000)
 ParOldGen       total 42496K, used 24351K [0x00000000c0000000, 0x00000000c2980000, 0x00000000eab00000)
  object space 42496K, 57% used [0x00000000c0000000,0x00000000c17c7d00,0x00000000c2980000)
 Metaspace       used 6358K, capacity 7192K, committed 7424K, reserved 1056768K
  class space    used 614K, capacity 656K, committed 768K, reserved 1048576K

Deoptimization events (10 events):
Event: 2.567 Thread 0x00007fd23c145800 Uncommon trap: reason=unstable_if action=reinterpret pc=0x00007fd22d20a22c method=java.util.BitSet.nextSetBit(I)I @ 87
Event: 3.418 Thread 0x00007fd23c149000 Uncommon trap: reason=class_check action=maybe_recompile pc=0x00007fd22d23f870 method=com.android.dx.rop.type.Type.equals(Ljava/lang/Object;)Z @ 8
Event: 3.584 Thread 0x00007fd23c00a000 Uncommon trap: reason=unstable_if action=reinterpret pc=0x00007fd22d2ea5ac method=com.android.dx.rop.code.RegisterSpec.equals(ILcom/android/dx/rop/type/TypeBearer;Lcom/android/dx/rop/code/LocalItem;)Z @ 42
Event: 3.796 Thread 0x00007fd23c00a000 Uncommon trap: reason=class_check action=maybe_recompile pc=0x00007fd22d23f870 method=com.android.dx.rop.type.Type.equals(Ljava/lang/Object;)Z @ 8
Event: 3.796 Thread 0x00007fd23c00a000 Uncommon trap: reason=class_check action=maybe_recompile pc=0x00007fd22d23f870 method=com.android.dx.rop.type.Type.equals(Ljava/lang/Object;)Z @ 8
Event: 3.796 Thread 0x00007fd23c00a000 Uncommon trap: reason=class_check action=maybe_recompile pc=0x00007fd22d23f870 method=com.android.dx.rop.type.Type.equals(Ljava/lang/Object;)Z @ 8
Event: 3.870 Thread 0x00007fd23c147800 Uncommon trap: reason=null_check action=make_not_entrant pc=0x00007fd22d2cef2c method=com.android.dx.ssa.SsaRenamer.getLocalForNewReg(I)Lcom/android/dx/rop/code/LocalItem; @ 19
Event: 8.851 Thread 0x00007fd23c00a000 Uncommon trap: reason=unstable_if action=reinterpret pc=0x00007fd22d33f4f0 method=java.util.HashMap.putVal(ILjava/lang/Object;Ljava/lang/Object;ZZ)Ljava/lang/Object; @ 162
Event: 8.906 Thread 0x00007fd23c147800 Uncommon trap: reason=unstable_if action=reinterpret pc=0x00007fd22d33b16c method=java.util.HashMap.getNode(ILjava/lang/Object;)Ljava/util/HashMap$Node; @ 84
Event: 8.973 Thread 0x00007fd23c147800 Uncommon trap: reason=unstable_if action=reinterpret pc=0x00007fd22d564be0 method=java.util.HashMap.putVal(ILjava/lang/Object;Ljava/lang/Object;ZZ)Ljava/lang/Object; @ 94

Internal exceptions (6 events):
Event: 0.172 Thread 0x00007fd23c00a000 Exception <a 'java/lang/NoSuchMethodError': Method sun.misc.Unsafe.defineClass(Ljava/lang/String;[BII)Ljava/lang/Class; name or signature does not match> (0x00000000eab07cc0) thrown at [/HUDSON/workspace/8-2-build-linux-amd64/jdk8u91/6644/hotspot/src/shar
Event: 0.172 Thread 0x00007fd23c00a000 Exception <a 'java/lang/NoSuchMethodError': Method sun.misc.Unsafe.prefetchRead(Ljava/lang/Object;J)V name or signature does not match> (0x00000000eab07fa8) thrown at [/HUDSON/workspace/8-2-build-linux-amd64/jdk8u91/6644/hotspot/src/share/vm/prims/jni.cpp
Event: 3.870 Thread 0x00007fd23c147800 Implicit null exception at 0x00007fd22d2cceda to 0x00007fd22d2cef11
Event: 8.869 Thread 0x00007fd23c00a000 Exception <a 'java/lang/ArrayIndexOutOfBoundsException': 18> (0x00000000ec40e6f8) thrown at [/HUDSON/workspace/8-2-build-linux-amd64/jdk8u91/6644/hotspot/src/share/vm/interpreter/interpreterRuntime.cpp, line 366]
Event: 8.869 Thread 0x00007fd23c00a000 Exception <a 'java/lang/ArrayIndexOutOfBoundsException': 145> (0x00000000ec410278) thrown at [/HUDSON/workspace/8-2-build-linux-amd64/jdk8u91/6644/hotspot/src/share/vm/interpreter/interpreterRuntime.cpp, line 366]
Event: 8.870 Thread 0x00007fd23c00a000 Exception <a 'java/lang/ArrayIndexOutOfBoundsException': 40> (0x00000000ec411560) thrown at [/HUDSON/workspace/8-2-build-linux-amd64/jdk8u91/6644/hotspot/src/share/vm/interpreter/interpreterRuntime.cpp, line 366]

Events (10 events):
Event: 9.949 Thread 0x00007fd23c00a000 DEOPT UNPACKING pc=0x00007fd22d046f73 sp=0x00007fd245cfd5b8 mode 0
Event: 10.093 Thread 0x00007fd23c147800 DEOPT PACKING pc=0x00007fd22d35af6c sp=0x00007fd227025da0
Event: 10.093 Thread 0x00007fd23c147800 DEOPT UNPACKING pc=0x00007fd22d046f73 sp=0x00007fd227025aa0 mode 0
Event: 10.175 Thread 0x00007fd23c147800 DEOPT PACKING pc=0x00007fd22d213879 sp=0x00007fd227025dc0
Event: 10.175 Thread 0x00007fd23c147800 DEOPT UNPACKING pc=0x00007fd22d046f73 sp=0x00007fd227025b10 mode 0
Event: 10.275 Thread 0x00007fd23c147800 DEOPT PACKING pc=0x00007fd22d31f123 sp=0x00007fd227025c40
Event: 10.275 Thread 0x00007fd23c147800 DEOPT UNPACKING pc=0x00007fd22d046f73 sp=0x00007fd227025a10 mode 0
Event: 10.484 Thread 0x00007fd23c149000 DEOPT PACKING pc=0x00007fd22d35af6c sp=0x00007fd226f24e60
Event: 10.484 Thread 0x00007fd23c149000 DEOPT UNPACKING pc=0x00007fd22d046f73 sp=0x00007fd226f24b60 mode 0
Event: 10.638 Executing VM operation: ParallelGCFailedAllocation


Dynamic libraries:
00400000-00401000 r-xp 00000000 08:02 1461008                            /usr/lib/jvm/java-8-oracle/bin/java
00600000-00601000 rw-p 00000000 08:02 1461008                            /usr/lib/jvm/java-8-oracle/bin/java
0187a000-0189b000 rw-p 00000000 00:00 0                                  [heap]
c0000000-c2980000 rw-p 00000000 00:00 0 
c2980000-eab00000 ---p 00000000 00:00 0 
eab00000-f4e00000 rw-p 00000000 00:00 0 
f9f00000-100000000 ---p 00000000 00:00 0 
100000000-1000c0000 rw-p 00000000 00:00 0 
1000c0000-140000000 ---p 00000000 00:00 0 
7fd1f0000000-7fd1f0021000 rw-p 00000000 00:00 0 
7fd1f0021000-7fd1f4000000 ---p 00000000 00:00 0 
7fd1f4000000-7fd1f4027000 rw-p 00000000 00:00 0 
7fd1f4027000-7fd1f8000000 ---p 00000000 00:00 0 
7fd1f8000000-7fd1f802a000 rw-p 00000000 00:00 0 
7fd1f802a000-7fd1fc000000 ---p 00000000 00:00 0 
7fd1fc000000-7fd1fc021000 rw-p 00000000 00:00 0 
7fd1fc021000-7fd200000000 ---p 00000000 00:00 0 
7fd200000000-7fd200021000 rw-p 00000000 00:00 0 
7fd200021000-7fd204000000 ---p 00000000 00:00 0 
7fd204000000-7fd204021000 rw-p 00000000 00:00 0 
7fd204021000-7fd208000000 ---p 00000000 00:00 0 
7fd208000000-7fd20846f000 rw-p 00000000 00:00 0 
7fd20846f000-7fd20c000000 ---p 00000000 00:00 0 
7fd20c000000-7fd20c572000 rw-p 00000000 00:00 0 
7fd20c572000-7fd210000000 ---p 00000000 00:00 0 
7fd210000000-7fd210021000 rw-p 00000000 00:00 0 
7fd210021000-7fd214000000 ---p 00000000 00:00 0 
7fd214000000-7fd214021000 rw-p 00000000 00:00 0 
7fd214021000-7fd218000000 ---p 00000000 00:00 0 
7fd218000000-7fd21828c000 rw-p 00000000 00:00 0 
7fd21828c000-7fd21c000000 ---p 00000000 00:00 0 
7fd21c000000-7fd21c021000 rw-p 00000000 00:00 0 
7fd21c021000-7fd220000000 ---p 00000000 00:00 0 
7fd220000000-7fd220021000 rw-p 00000000 00:00 0 
7fd220021000-7fd224000000 ---p 00000000 00:00 0 
7fd226e26000-7fd226e29000 ---p 00000000 00:00 0 
7fd226e29000-7fd226f27000 rw-p 00000000 00:00 0                          [stack:9908]
7fd226f27000-7fd226f2a000 ---p 00000000 00:00 0 
7fd226f2a000-7fd227028000 rw-p 00000000 00:00 0                          [stack:9907]
7fd227028000-7fd22702b000 ---p 00000000 00:00 0 
7fd22702b000-7fd227129000 rw-p 00000000 00:00 0                          [stack:9906]
7fd227129000-7fd22712c000 ---p 00000000 00:00 0 
7fd22712c000-7fd22722a000 rw-p 00000000 00:00 0                          [stack:9905]
7fd22722a000-7fd22722d000 ---p 00000000 00:00 0 
7fd22722d000-7fd22732b000 rw-p 00000000 00:00 0                          [stack:9904]
7fd22732b000-7fd22732c000 ---p 00000000 00:00 0 
7fd22732c000-7fd22742c000 rw-p 00000000 00:00 0                          [stack:9902]
7fd22742c000-7fd22742f000 ---p 00000000 00:00 0 
7fd22742f000-7fd22752d000 rw-p 00000000 00:00 0                          [stack:9901]
7fd22752d000-7fd227530000 ---p 00000000 00:00 0 
7fd227530000-7fd22762e000 rw-p 00000000 00:00 0                          [stack:9900]
7fd22762e000-7fd227631000 ---p 00000000 00:00 0 
7fd227631000-7fd22772f000 rw-p 00000000 00:00 0                          [stack:9899]
7fd22772f000-7fd227732000 ---p 00000000 00:00 0 
7fd227732000-7fd227830000 rw-p 00000000 00:00 0                          [stack:9898]
7fd227830000-7fd227afb000 r--p 00000000 08:02 1314050                    /usr/lib/locale/locale-archive
7fd227afb000-7fd227afe000 ---p 00000000 00:00 0 
7fd227afe000-7fd227bfc000 rw-p 00000000 00:00 0                          [stack:9897]
7fd227bfc000-7fd227bff000 ---p 00000000 00:00 0 
7fd227bff000-7fd227cfd000 rw-p 00000000 00:00 0                          [stack:9896]
7fd227cfd000-7fd227cfe000 ---p 00000000 00:00 0 
7fd227cfe000-7fd228000000 rw-p 00000000 00:00 0                          [stack:9895]
7fd228000000-7fd228021000 rw-p 00000000 00:00 0 
7fd228021000-7fd22c000000 ---p 00000000 00:00 0 
7fd22c07f000-7fd22c096000 r--s 00101000 08:02 1218984                    /home/youness/Bureau/tmpWorkSpace/RetroTest/app/build/intermediates/exploded-aar/com.android.support/support-v4/24.0.0/jars/classes.jar
7fd22c096000-7fd22ce80000 rw-p 00000000 00:00 0 
7fd22ce80000-7fd22d000000 ---p 00000000 00:00 0 
7fd22d000000-7fd22d6c0000 rwxp 00000000 00:00 0 
7fd22d6c0000-7fd23c000000 ---p 00000000 00:00 0 
7fd23c000000-7fd23c393000 rw-p 00000000 00:00 0 
7fd23c393000-7fd240000000 ---p 00000000 00:00 0 
7fd24000d000-7fd24001b000 r--s 000e0000 08:02 1071885                    /home/youness/Android/Sdk/build-tools/24.0.0/lib/dx.jar
7fd24001b000-7fd2401f4000 r--s 03d1f000 08:02 307466                     /usr/lib/jvm/java-8-oracle/jre/lib/rt.jar
7fd2401f4000-7fd24246a000 rw-p 00000000 00:00 0 
7fd24246a000-7fd24246b000 ---p 00000000 00:00 0 
7fd24246b000-7fd24256b000 rw-p 00000000 00:00 0                          [stack:9894]
7fd24256b000-7fd24256c000 ---p 00000000 00:00 0 
7fd24256c000-7fd242681000 rw-p 00000000 00:00 0                          [stack:9893]
7fd242681000-7fd2427c2000 ---p 00000000 00:00 0 
7fd2427c2000-7fd2427d7000 rw-p 00000000 00:00 0 
7fd2427d7000-7fd242917000 ---p 00000000 00:00 0 
7fd242917000-7fd242969000 rw-p 00000000 00:00 0 
7fd242969000-7fd2429c2000 ---p 00000000 00:00 0 
7fd2429c2000-7fd2429de000 rw-p 00000000 00:00 0 
7fd2429de000-7fd242d83000 ---p 00000000 00:00 0 
7fd242d83000-7fd242d9d000 r-xp 00000000 08:02 1047415                    /usr/lib/jvm/java-8-oracle/jre/lib/amd64/libzip.so
7fd242d9d000-7fd242f9d000 ---p 0001a000 08:02 1047415                    /usr/lib/jvm/java-8-oracle/jre/lib/amd64/libzip.so
7fd242f9d000-7fd242f9e000 rw-p 0001a000 08:02 1047415                    /usr/lib/jvm/java-8-oracle/jre/lib/amd64/libzip.so
7fd242f9e000-7fd242fa9000 r-xp 00000000 08:02 657531                     /lib/x86_64-linux-gnu/libnss_files-2.19.so
7fd242fa9000-7fd2431a8000 ---p 0000b000 08:02 657531                     /lib/x86_64-linux-gnu/libnss_files-2.19.so
7fd2431a8000-7fd2431a9000 r--p 0000a000 08:02 657531                     /lib/x86_64-linux-gnu/libnss_files-2.19.so
7fd2431a9000-7fd2431aa000 rw-p 0000b000 08:02 657531                     /lib/x86_64-linux-gnu/libnss_files-2.19.so
7fd2431aa000-7fd2431b5000 r-xp 00000000 08:02 657541                     /lib/x86_64-linux-gnu/libnss_nis-2.19.so
7fd2431b5000-7fd2433b4000 ---p 0000b000 08:02 657541                     /lib/x86_64-linux-gnu/libnss_nis-2.19.so
7fd2433b4000-7fd2433b5000 r--p 0000a000 08:02 657541                     /lib/x86_64-linux-gnu/libnss_nis-2.19.so
7fd2433b5000-7fd2433b6000 rw-p 0000b000 08:02 657541                     /lib/x86_64-linux-gnu/libnss_nis-2.19.so
7fd2433b6000-7fd2433cd000 r-xp 00000000 08:02 657525                     /lib/x86_64-linux-gnu/libnsl-2.19.so
7fd2433cd000-7fd2435cc000 ---p 00017000 08:02 657525                     /lib/x86_64-linux-gnu/libnsl-2.19.so
7fd2435cc000-7fd2435cd000 r--p 00016000 08:02 657525                     /lib/x86_64-linux-gnu/libnsl-2.19.so
7fd2435cd000-7fd2435ce000 rw-p 00017000 08:02 657525                     /lib/x86_64-linux-gnu/libnsl-2.19.so
7fd2435ce000-7fd2435d0000 rw-p 00000000 00:00 0 
7fd2435d0000-7fd2435d9000 r-xp 00000000 08:02 657527                     /lib/x86_64-linux-gnu/libnss_compat-2.19.so
7fd2435d9000-7fd2437d8000 ---p 00009000 08:02 657527                     /lib/x86_64-linux-gnu/libnss_compat-2.19.so
7fd2437d8000-7fd2437d9000 r--p 00008000 08:02 657527                     /lib/x86_64-linux-gnu/libnss_compat-2.19.so
7fd2437d9000-7fd2437da000 rw-p 00009000 08:02 657527                     /lib/x86_64-linux-gnu/libnss_compat-2.19.so
7fd2437da000-7fd243804000 r-xp 00000000 08:02 1047452                    /usr/lib/jvm/java-8-oracle/jre/lib/amd64/libjava.so
7fd243804000-7fd243a04000 ---p 0002a000 08:02 1047452                    /usr/lib/jvm/java-8-oracle/jre/lib/amd64/libjava.so
7fd243a04000-7fd243a06000 rw-p 0002a000 08:02 1047452                    /usr/lib/jvm/java-8-oracle/jre/lib/amd64/libjava.so
7fd243a06000-7fd243a13000 r-xp 00000000 08:02 1047457                    /usr/lib/jvm/java-8-oracle/jre/lib/amd64/libverify.so
7fd243a13000-7fd243c13000 ---p 0000d000 08:02 1047457                    /usr/lib/jvm/java-8-oracle/jre/lib/amd64/libverify.so
7fd243c13000-7fd243c15000 rw-p 0000d000 08:02 1047457                    /usr/lib/jvm/java-8-oracle/jre/lib/amd64/libverify.so
7fd243c15000-7fd243c1c000 r-xp 00000000 08:02 657584                     /lib/x86_64-linux-gnu/librt-2.19.so
7fd243c1c000-7fd243e1b000 ---p 00007000 08:02 657584                     /lib/x86_64-linux-gnu/librt-2.19.so
7fd243e1b000-7fd243e1c000 r--p 00006000 08:02 657584                     /lib/x86_64-linux-gnu/librt-2.19.so
7fd243e1c000-7fd243e1d000 rw-p 00007000 08:02 657584                     /lib/x86_64-linux-gnu/librt-2.19.so
7fd243e1d000-7fd243f22000 r-xp 00000000 08:02 657506                     /lib/x86_64-linux-gnu/libm-2.19.so
7fd243f22000-7fd244121000 ---p 00105000 08:02 657506                     /lib/x86_64-linux-gnu/libm-2.19.so
7fd244121000-7fd244122000 r--p 00104000 08:02 657506                     /lib/x86_64-linux-gnu/libm-2.19.so
7fd244122000-7fd244123000 rw-p 00105000 08:02 657506                     /lib/x86_64-linux-gnu/libm-2.19.so
7fd244123000-7fd244de3000 r-xp 00000000 08:02 1047412                    /usr/lib/jvm/java-8-oracle/jre/lib/amd64/server/libjvm.so
7fd244de3000-7fd244fe3000 ---p 00cc0000 08:02 1047412                    /usr/lib/jvm/java-8-oracle/jre/lib/amd64/server/libjvm.so
7fd244fe3000-7fd2450bb000 rw-p 00cc0000 08:02 1047412                    /usr/lib/jvm/java-8-oracle/jre/lib/amd64/server/libjvm.so
7fd2450bb000-7fd245106000 rw-p 00000000 00:00 0 
7fd245106000-7fd2452c1000 r-xp 00000000 08:02 657455                     /lib/x86_64-linux-gnu/libc-2.19.so
7fd2452c1000-7fd2454c0000 ---p 001bb000 08:02 657455                     /lib/x86_64-linux-gnu/libc-2.19.so
7fd2454c0000-7fd2454c4000 r--p 001ba000 08:02 657455                     /lib/x86_64-linux-gnu/libc-2.19.so
7fd2454c4000-7fd2454c6000 rw-p 001be000 08:02 657455                     /lib/x86_64-linux-gnu/libc-2.19.so
7fd2454c6000-7fd2454cb000 rw-p 00000000 00:00 0 
7fd2454cb000-7fd2454ce000 r-xp 00000000 08:02 657472                     /lib/x86_64-linux-gnu/libdl-2.19.so
7fd2454ce000-7fd2456cd000 ---p 00003000 08:02 657472                     /lib/x86_64-linux-gnu/libdl-2.19.so
7fd2456cd000-7fd2456ce000 r--p 00002000 08:02 657472                     /lib/x86_64-linux-gnu/libdl-2.19.so
7fd2456ce000-7fd2456cf000 rw-p 00003000 08:02 657472                     /lib/x86_64-linux-gnu/libdl-2.19.so
7fd2456cf000-7fd2456e4000 r-xp 00000000 08:02 544109                     /usr/lib/jvm/java-8-oracle/lib/amd64/jli/libjli.so
7fd2456e4000-7fd2458e4000 ---p 00015000 08:02 544109                     /usr/lib/jvm/java-8-oracle/lib/amd64/jli/libjli.so
7fd2458e4000-7fd2458e5000 rw-p 00015000 08:02 544109                     /usr/lib/jvm/java-8-oracle/lib/amd64/jli/libjli.so
7fd2458e5000-7fd2458fe000 r-xp 00000000 08:02 657576                     /lib/x86_64-linux-gnu/libpthread-2.19.so
7fd2458fe000-7fd245afd000 ---p 00019000 08:02 657576                     /lib/x86_64-linux-gnu/libpthread-2.19.so
7fd245afd000-7fd245afe000 r--p 00018000 08:02 657576                     /lib/x86_64-linux-gnu/libpthread-2.19.so
7fd245afe000-7fd245aff000 rw-p 00019000 08:02 657576                     /lib/x86_64-linux-gnu/libpthread-2.19.so
7fd245aff000-7fd245b03000 rw-p 00000000 00:00 0 
7fd245b03000-7fd245b26000 r-xp 00000000 08:02 657429                     /lib/x86_64-linux-gnu/ld-2.19.so
7fd245b2d000-7fd245bff000 rw-p 00000000 00:00 0 
7fd245bff000-7fd245c02000 ---p 00000000 00:00 0 
7fd245c02000-7fd245d19000 rw-p 00000000 00:00 0                          [stack:9892]
7fd245d19000-7fd245d21000 rw-s 00000000 08:02 1074924                    /tmp/hsperfdata_youness/9888
7fd245d21000-7fd245d22000 rw-p 00000000 00:00 0 
7fd245d22000-7fd245d23000 ---p 00000000 00:00 0 
7fd245d23000-7fd245d25000 rw-p 00000000 00:00 0 
7fd245d25000-7fd245d26000 r--p 00022000 08:02 657429                     /lib/x86_64-linux-gnu/ld-2.19.so
7fd245d26000-7fd245d27000 rw-p 00023000 08:02 657429                     /lib/x86_64-linux-gnu/ld-2.19.so
7fd245d27000-7fd245d28000 rw-p 00000000 00:00 0 
7fffa5942000-7fffa5964000 rw-p 00000000 00:00 0                          [stack]
7fffa598d000-7fffa598f000 r--p 00000000 00:00 0                          [vvar]
7fffa598f000-7fffa5991000 r-xp 00000000 00:00 0                          [vdso]
ffffffffff600000-ffffffffff601000 r-xp 00000000 00:00 0                  [vsyscall]

VM Arguments:
jvm_args: -Djava.awt.headless=true -Xmx1024M -Dfile.encoding=UTF-8 -Duser.country=FR -Duser.language=fr -Duser.variant 
java_command: com.android.dx.command.Main --dex --force-jumbo --num-threads=4 --multi-dex --output /home/youness/Bureau/tmpWorkSpace/RetroTest/app/build/intermediates/transforms/dex/debug/folders/1000/10/com.android.support-support-v4-24.0.0_b31ee05f2b91f01b4abddf8eb18fbf5f55db386a /home/youness/Bureau/tmpWorkSpace/RetroTest/app/build/intermediates/exploded-aar/com.android.support/support-v4/24.0.0/jars/classes.jar
java_class_path (initial): /home/youness/Android/Sdk/build-tools/24.0.0/lib/dx.jar
Launcher Type: SUN_STANDARD

Environment Variables:
JAVA_HOME=/usr/lib/jvm/java-8-oracle
PATH=/usr/local/sbin:/usr/local/bin:/usr/sbin:/usr/bin:/sbin:/bin:/usr/games:/usr/local/games:/usr/lib/jvm/java-8-oracle/bin:/usr/lib/jvm/java-8-oracle/db/bin:/usr/lib/jvm/java-8-oracle/jre/bin:/usr/local/android-studio/bin
USERNAME=youness
LD_LIBRARY_PATH=/usr/local/android-studio/bin:
SHELL=/bin/bash
DISPLAY=:0

Signal Handlers:
SIGSEGV: [libjvm.so+0xabca10], sa_mask[0]=11111111011111111101111111111110, sa_flags=SA_RESTART|SA_SIGINFO
SIGBUS: [libjvm.so+0xabca10], sa_mask[0]=11111111011111111101111111111110, sa_flags=SA_RESTART|SA_SIGINFO
SIGFPE: [libjvm.so+0x919a20], sa_mask[0]=11111111011111111101111111111110, sa_flags=SA_RESTART|SA_SIGINFO
SIGPIPE: [libjvm.so+0x919a20], sa_mask[0]=11111111011111111101111111111110, sa_flags=SA_RESTART|SA_SIGINFO
SIGXFSZ: [libjvm.so+0x919a20], sa_mask[0]=11111111011111111101111111111110, sa_flags=SA_RESTART|SA_SIGINFO
SIGILL: [libjvm.so+0x919a20], sa_mask[0]=11111111011111111101111111111110, sa_flags=SA_RESTART|SA_SIGINFO
SIGUSR1: SIG_DFL, sa_mask[0]=00000000000000000000000000000000, sa_flags=none
SIGUSR2: [libjvm.so+0x91b050], sa_mask[0]=00100000000000000000000000000000, sa_flags=SA_RESTART|SA_SIGINFO
SIGHUP: [libjvm.so+0x91c450], sa_mask[0]=11111111011111111101111111111110, sa_flags=SA_RESTART|SA_SIGINFO
SIGINT: [libjvm.so+0x91c450], sa_mask[0]=11111111011111111101111111111110, sa_flags=SA_RESTART|SA_SIGINFO
SIGTERM: [libjvm.so+0x91c450], sa_mask[0]=11111111011111111101111111111110, sa_flags=SA_RESTART|SA_SIGINFO
SIGQUIT: [libjvm.so+0x91c450], sa_mask[0]=11111111011111111101111111111110, sa_flags=SA_RESTART|SA_SIGINFO


---------------  S Y S T E M  ---------------

OS:DISTRIB_ID=LinuxMint
DISTRIB_RELEASE=17.3
DISTRIB_CODENAME=rosa
DISTRIB_DESCRIPTION="Linux Mint 17.3 Rosa"

uname:Linux 3.19.0-32-generic #37~14.04.1-Ubuntu SMP Thu Oct 22 09:41:40 UTC 2015 x86_64
libc:glibc 2.19 NPTL 2.19 
rlimit: STACK 8192k, CORE 0k, NPROC 15286, NOFILE 4096, AS infinity
load average:19.41 15.24 7.63

/proc/meminfo:
MemTotal:        3945524 kB
MemFree:          107692 kB
MemAvailable:      49140 kB
Buffers:             188 kB
Cached:           334208 kB
SwapCached:            0 kB
Active:          3355260 kB
Inactive:         324700 kB
Active(anon):    3353060 kB
Inactive(anon):   306768 kB
Active(file):       2200 kB
Inactive(file):    17932 kB
Unevictable:          36 kB
Mlocked:              36 kB
SwapTotal:             0 kB
SwapFree:              0 kB
Dirty:               184 kB
Writeback:             0 kB
AnonPages:       3345808 kB
Mapped:           125816 kB
Shmem:            314056 kB
Slab:              63436 kB
SReclaimable:      31704 kB
SUnreclaim:        31732 kB
KernelStack:        9216 kB
PageTables:        37600 kB
NFS_Unstable:          0 kB
Bounce:                0 kB
WritebackTmp:          0 kB
CommitLimit:     1972760 kB
Committed_AS:    7175712 kB
VmallocTotal:   34359738367 kB
VmallocUsed:      542632 kB
VmallocChunk:   34359189468 kB
HardwareCorrupted:     0 kB
AnonHugePages:   1941504 kB
CmaTotal:              0 kB
CmaFree:               0 kB
HugePages_Total:       0
HugePages_Free:        0
HugePages_Rsvd:        0
HugePages_Surp:        0
Hugepagesize:       2048 kB
DirectMap4k:      176792 kB
DirectMap2M:     3915776 kB


CPU:total 2 (2 cores per cpu, 1 threads per core) family 6 model 23 stepping 10, cmov, cx8, fxsr, mmx, sse, sse2, sse3, ssse3, sse4.1, tsc

/proc/cpuinfo:
processor	: 0
vendor_id	: GenuineIntel
cpu family	: 6
model		: 23
model name	: Intel(R) Core(TM)2 Duo CPU     T6570  @ 2.10GHz
stepping	: 10
microcode	: 0xa07
cpu MHz		: 2101.000
cache size	: 2048 KB
physical id	: 0
siblings	: 2
core id		: 0
cpu cores	: 2
apicid		: 0
initial apicid	: 0
fpu		: yes
fpu_exception	: yes
cpuid level	: 13
wp		: yes
flags		: fpu vme de pse tsc msr pae mce cx8 apic sep mtrr pge mca cmov pat pse36 clflush dts acpi mmx fxsr sse sse2 ss ht tm pbe syscall nx lm constant_tsc arch_perfmon pebs bts nopl aperfmperf pni dtes64 monitor ds_cpl vmx est tm2 ssse3 cx16 xtpr pdcm sse4_1 xsave lahf_lm ida dtherm tpr_shadow vnmi flexpriority
bugs		:
bogomips	: 4189.88
clflush size	: 64
cache_alignment	: 64
address sizes	: 36 bits physical, 48 bits virtual
power management:

processor	: 1
vendor_id	: GenuineIntel
cpu family	: 6
model		: 23
model name	: Intel(R) Core(TM)2 Duo CPU     T6570  @ 2.10GHz
stepping	: 10
microcode	: 0xa07
cpu MHz		: 2101.000
cache size	: 2048 KB
physical id	: 0
siblings	: 2
core id		: 1
cpu cores	: 2
apicid		: 1
initial apicid	: 1
fpu		: yes
fpu_exception	: yes
cpuid level	: 13
wp		: yes
flags		: fpu vme de pse tsc msr pae mce cx8 apic sep mtrr pge mca cmov pat pse36 clflush dts acpi mmx fxsr sse sse2 ss ht tm pbe syscall nx lm constant_tsc arch_perfmon pebs bts nopl aperfmperf pni dtes64 monitor ds_cpl vmx est tm2 ssse3 cx16 xtpr pdcm sse4_1 xsave lahf_lm ida dtherm tpr_shadow vnmi flexpriority
bugs		:
bogomips	: 4189.88
clflush size	: 64
cache_alignment	: 64
address sizes	: 36 bits physical, 48 bits virtual
power management:



Memory: 4k page, physical 3945524k(107568k free), swap 0k(0k free)

vm_info: Java HotSpot(TM) 64-Bit Server VM (25.91-b14) for linux-amd64 JRE (1.8.0_91-b14), built on Apr  1 2016 00:57:21 by "java_re" with gcc 4.3.0 20080428 (Red Hat 4.3.0-8)

time: Tue Jun 28 15:26:40 2016
elapsed time: 35 seconds (0d 0h 0m 35s)

